This is pdfTeX, Version 3.141592653-2.6-1.40.25 (TeX Live 2023/Arch Linux) (preloaded format=pdflatex 2023.6.26)  7 JUL 2023 22:03
entering extended mode
 restricted \write18 enabled.
 %&-line parsing enabled.
**./images.tex
(./images.tex
LaTeX2e <2022-11-01> patch level 1
L3 programming layer <2023-02-22>
(/usr/share/texmf-dist/tex/latex/koma-script/scrbook.cls
Document Class: scrbook 2022/10/12 v3.38 KOMA-Script document class (book)
(/usr/share/texmf-dist/tex/latex/koma-script/scrkbase.sty
Package: scrkbase 2022/10/12 v3.38 KOMA-Script package (KOMA-Script-dependent b
asics and keyval usage)
(/usr/share/texmf-dist/tex/latex/koma-script/scrbase.sty
Package: scrbase 2022/10/12 v3.38 KOMA-Script package (KOMA-Script-independent 
basics and keyval usage)
(/usr/share/texmf-dist/tex/latex/koma-script/scrlfile.sty
Package: scrlfile 2022/10/12 v3.38 KOMA-Script package (file load hooks)
(/usr/share/texmf-dist/tex/latex/koma-script/scrlfile-hook.sty
Package: scrlfile-hook 2022/10/12 v3.38 KOMA-Script package (using LaTeX hooks)

(/usr/share/texmf-dist/tex/latex/koma-script/scrlogo.sty
Package: scrlogo 2022/10/12 v3.38 KOMA-Script package (logo)
))) (/usr/share/texmf-dist/tex/latex/graphics/keyval.sty
Package: keyval 2022/05/29 v1.15 key=value parser (DPC)
\KV@toks@=\toks16
)
Applying: [2021/05/01] Usage of raw or classic option list on input line 252.
Already applied: [0000/00/00] Usage of raw or classic option list on input line
 368.
)) (/usr/share/texmf-dist/tex/latex/koma-script/tocbasic.sty
Package: tocbasic 2022/10/12 v3.38 KOMA-Script package (handling toc-files)
\scr@dte@tocline@numberwidth=\skip48
\scr@dte@tocline@numbox=\box51
)
Package tocbasic Info: omitting babel extension for `toc'
(tocbasic)             because of feature `nobabel' available
(tocbasic)             for `toc' on input line 137.
Class scrbook Info: You've used standard option `oneside'.
(scrbook)           This is correct!
(scrbook)           Internally I'm using `twoside=false'.
(scrbook)           If you'd like to set the option with \KOMAoptions,
(scrbook)           you'd have to use `twoside=false' there
(scrbook)           instead of `oneside', too.
Class scrbook Info: File `scrsize12pt.clo' used to setup font sizes on input li
ne 2617.
(/usr/share/texmf-dist/tex/latex/koma-script/scrsize12pt.clo
File: scrsize12pt.clo 2022/10/12 v3.38 KOMA-Script font size class option (12pt
)
) (/usr/share/texmf-dist/tex/latex/koma-script/typearea.sty
Package: typearea 2022/10/12 v3.38 KOMA-Script package (type area)
\ta@bcor=\skip49
\ta@div=\count185
Package typearea Info: You've used standard option `oneside'.
(typearea)             This is correct!
(typearea)             Internally I'm using `twoside=false'.
(typearea)             If you'd like to set the option with \KOMAoptions,
(typearea)             you'd have to use `twoside=false' there
(typearea)             instead of `oneside', too.
\ta@hblk=\skip50
\ta@vblk=\skip51
\ta@temp=\skip52
\footheight=\skip53
Package typearea Info: These are the values describing the layout:
(typearea)             DIV  = 12
(typearea)             BCOR = 0.0pt
(typearea)             \paperwidth      = 597.50793pt
(typearea)              \textwidth      = 448.13095pt
(typearea)              DIV departure   = -6%
(typearea)              \evensidemargin = 2.4185pt
(typearea)              \oddsidemargin  = 2.4185pt
(typearea)             \paperheight     = 845.04694pt
(typearea)              \textheight     = 606.5pt
(typearea)              \topmargin      = -1.84941pt
(typearea)              \headheight     = 18.125pt
(typearea)              \headsep        = 21.75pt
(typearea)              \topskip        = 12.0pt
(typearea)              \footskip       = 50.75pt
(typearea)              \baselineskip   = 14.5pt
(typearea)              on input line 1767.
)
\c@part=\count186
\c@chapter=\count187
\c@section=\count188
\c@subsection=\count189
\c@subsubsection=\count190
\c@paragraph=\count191
\c@subparagraph=\count192
\scr@dte@chapter@maxnumwidth=\skip54
Class scrbook Info: using compatibility default `afterindent=bysign'
(scrbook)           for `\chapter on input line 5898.
\scr@dte@section@maxnumwidth=\skip55
Class scrbook Info: using compatibility default `runin=bysign'
(scrbook)           for `\section on input line 5909.
Class scrbook Info: using compatibility default `afterindent=bysign'
(scrbook)           for `\section on input line 5909.
\scr@dte@part@maxnumwidth=\skip56
Class scrbook Info: using compatibility default `afterindent=true'
(scrbook)           for `\part on input line 5918.
\scr@dte@subsection@maxnumwidth=\skip57
Class scrbook Info: using compatibility default `runin=bysign'
(scrbook)           for `\subsection on input line 5928.
Class scrbook Info: using compatibility default `afterindent=bysign'
(scrbook)           for `\subsection on input line 5928.
\scr@dte@subsubsection@maxnumwidth=\skip58
Class scrbook Info: using compatibility default `runin=bysign'
(scrbook)           for `\subsubsection on input line 5938.
Class scrbook Info: using compatibility default `afterindent=bysign'
(scrbook)           for `\subsubsection on input line 5938.
\scr@dte@paragraph@maxnumwidth=\skip59
Class scrbook Info: using compatibility default `runin=bysign'
(scrbook)           for `\paragraph on input line 5949.
Class scrbook Info: using compatibility default `afterindent=bysign'
(scrbook)           for `\paragraph on input line 5949.
\scr@dte@subparagraph@maxnumwidth=\skip60
Class scrbook Info: using compatibility default `runin=bysign'
(scrbook)           for `\subparagraph on input line 5959.
Class scrbook Info: using compatibility default `afterindent=bysign'
(scrbook)           for `\subparagraph on input line 5959.
\abovecaptionskip=\skip61
\belowcaptionskip=\skip62
\c@pti@nb@sid@b@x=\box52
Package tocbasic Info: omitting babel extension for `lof'
(tocbasic)             because of feature `nobabel' available
(tocbasic)             for `lof' on input line 7142.
\scr@dte@figure@maxnumwidth=\skip63
\c@figure=\count193
Package tocbasic Info: omitting babel extension for `lot'
(tocbasic)             because of feature `nobabel' available
(tocbasic)             for `lot' on input line 7159.
\scr@dte@table@maxnumwidth=\skip64
\c@table=\count194
Class scrbook Info: Redefining `\numberline' on input line 7330.
\bibindent=\dimen140
) (/usr/share/texmf-dist/tex/latex/base/ifthen.sty
Package: ifthen 2022/04/13 v1.1d Standard LaTeX ifthen package (DPC)
) (/usr/share/texmf-dist/tex/latex/base/fontenc.sty
Package: fontenc 2021/04/29 v2.0v Standard LaTeX package
) (/usr/share/texmf-dist/tex/latex/base/inputenc.sty
Package: inputenc 2021/02/14 v1.3d Input encoding file
\inpenc@prehook=\toks17
\inpenc@posthook=\toks18
) (/usr/share/texmf-dist/tex/generic/babel/babel.sty
Package: babel 2023/02/13 3.86 The Babel package
\babel@savecnt=\count195
\U@D=\dimen141
\l@unhyphenated=\language8
(/usr/share/texmf-dist/tex/generic/babel/txtbabel.def)
\bbl@readstream=\read2
\bbl@dirlevel=\count196
(/usr/share/texmf-dist/tex/generic/babel-german/ngerman.ldf
Language: ngerman 2021/02/27 v2.13 German support for babel (post-1996 orthogra
phy)
(/usr/share/texmf-dist/tex/generic/babel-german/ngermanb.ldf
Language: ngermanb 2021/02/27 v2.13 German support for babel (post-1996 orthogr
aphy)
Package babel Info: Making " an active character on input line 122.
))) (/usr/share/texmf-dist/tex/generic/babel/locale/de/babel-ngerman.tex
Package babel Info: Importing font and identification data for ngerman
(babel)             from babel-de.ini. Reported on input line 11.
) (/usr/share/texmf-dist/tex/latex/biblatex/biblatex.sty
Package: biblatex 2023/03/05 v3.19 programmable bibliographies (PK/MW)
(/usr/share/texmf-dist/tex/generic/pdftexcmds/pdftexcmds.sty
Package: pdftexcmds 2020-06-27 v0.33 Utility functions of pdfTeX for LuaTeX (HO
)
(/usr/share/texmf-dist/tex/generic/infwarerr/infwarerr.sty
Package: infwarerr 2019/12/03 v1.5 Providing info/warning/error messages (HO)
) (/usr/share/texmf-dist/tex/generic/iftex/iftex.sty
Package: iftex 2022/02/03 v1.0f TeX engine tests
) (/usr/share/texmf-dist/tex/generic/ltxcmds/ltxcmds.sty
Package: ltxcmds 2020-05-10 v1.25 LaTeX kernel commands for general use (HO)
)
Package pdftexcmds Info: \pdf@primitive is available.
Package pdftexcmds Info: \pdf@ifprimitive is available.
Package pdftexcmds Info: \pdfdraftmode found.
) (/usr/share/texmf-dist/tex/latex/etoolbox/etoolbox.sty
Package: etoolbox 2020/10/05 v2.5k e-TeX tools for LaTeX (JAW)
\etb@tempcnta=\count197
) (/usr/share/texmf-dist/tex/latex/kvoptions/kvoptions.sty
Package: kvoptions 2022-06-15 v3.15 Key value format for package options (HO)
(/usr/share/texmf-dist/tex/latex/kvsetkeys/kvsetkeys.sty
Package: kvsetkeys 2022-10-05 v1.19 Key value parser (HO)
)) (/usr/share/texmf-dist/tex/latex/logreq/logreq.sty
Package: logreq 2010/08/04 v1.0 xml request logger
\lrq@indent=\count198
(/usr/share/texmf-dist/tex/latex/logreq/logreq.def
File: logreq.def 2010/08/04 v1.0 logreq spec v1.0
)) (/usr/share/texmf-dist/tex/latex/url/url.sty
\Urlmuskip=\muskip16
Package: url 2013/09/16  ver 3.4  Verb mode for urls, etc.
)
\c@tabx@nest=\count199
\c@listtotal=\count266
\c@listcount=\count267
\c@liststart=\count268
\c@liststop=\count269
\c@citecount=\count270
\c@citetotal=\count271
\c@multicitecount=\count272
\c@multicitetotal=\count273
\c@instcount=\count274
\c@maxnames=\count275
\c@minnames=\count276
\c@maxitems=\count277
\c@minitems=\count278
\c@citecounter=\count279
\c@maxcitecounter=\count280
\c@savedcitecounter=\count281
\c@uniquelist=\count282
\c@uniquename=\count283
\c@refsection=\count284
\c@refsegment=\count285
\c@maxextratitle=\count286
\c@maxextratitleyear=\count287
\c@maxextraname=\count288
\c@maxextradate=\count289
\c@maxextraalpha=\count290
\c@abbrvpenalty=\count291
\c@highnamepenalty=\count292
\c@lownamepenalty=\count293
\c@maxparens=\count294
\c@parenlevel=\count295
\blx@tempcnta=\count296
\blx@tempcntb=\count297
\blx@tempcntc=\count298
\c@blx@maxsection=\count299
\blx@maxsegment@0=\count300
\blx@notetype=\count301
\blx@parenlevel@text=\count302
\blx@parenlevel@foot=\count303
\blx@sectionciteorder@0=\count304
\blx@sectionciteorderinternal@0=\count305
\blx@entrysetcounter=\count306
\blx@biblioinstance=\count307
\labelnumberwidth=\skip65
\labelalphawidth=\skip66
\biblabelsep=\skip67
\bibitemsep=\skip68
\bibnamesep=\skip69
\bibinitsep=\skip70
\bibparsep=\skip71
\bibhang=\skip72
\blx@bcfin=\read3
\blx@bcfout=\write3
\blx@langwohyphens=\language9
\c@mincomprange=\count308
\c@maxcomprange=\count309
\c@mincompwidth=\count310
Package biblatex Info: Trying to load biblatex default data model...
Package biblatex Info: ... file 'blx-dm.def' found.
(/usr/share/texmf-dist/tex/latex/biblatex/blx-dm.def
File: blx-dm.def 2023/03/05 v3.19 biblatex localization (PK/MW)
)
Package biblatex Info: Trying to load biblatex custom data model...
Package biblatex Info: ... file 'biblatex-dm.cfg' not found.
\c@afterword=\count311
\c@savedafterword=\count312
\c@annotator=\count313
\c@savedannotator=\count314
\c@author=\count315
\c@savedauthor=\count316
\c@bookauthor=\count317
\c@savedbookauthor=\count318
\c@commentator=\count319
\c@savedcommentator=\count320
\c@editor=\count321
\c@savededitor=\count322
\c@editora=\count323
\c@savededitora=\count324
\c@editorb=\count325
\c@savededitorb=\count326
\c@editorc=\count327
\c@savededitorc=\count328
\c@foreword=\count329
\c@savedforeword=\count330
\c@holder=\count331
\c@savedholder=\count332
\c@introduction=\count333
\c@savedintroduction=\count334
\c@namea=\count335
\c@savednamea=\count336
\c@nameb=\count337
\c@savednameb=\count338
\c@namec=\count339
\c@savednamec=\count340
\c@translator=\count341
\c@savedtranslator=\count342
\c@shortauthor=\count343
\c@savedshortauthor=\count344
\c@shorteditor=\count345
\c@savedshorteditor=\count346
\c@labelname=\count347
\c@savedlabelname=\count348
\c@institution=\count349
\c@savedinstitution=\count350
\c@lista=\count351
\c@savedlista=\count352
\c@listb=\count353
\c@savedlistb=\count354
\c@listc=\count355
\c@savedlistc=\count356
\c@listd=\count357
\c@savedlistd=\count358
\c@liste=\count359
\c@savedliste=\count360
\c@listf=\count361
\c@savedlistf=\count362
\c@location=\count363
\c@savedlocation=\count364
\c@organization=\count365
\c@savedorganization=\count366
\c@origlocation=\count367
\c@savedoriglocation=\count368
\c@origpublisher=\count369
\c@savedorigpublisher=\count370
\c@publisher=\count371
\c@savedpublisher=\count372
\c@language=\count373
\c@savedlanguage=\count374
\c@origlanguage=\count375
\c@savedoriglanguage=\count376
\c@pageref=\count377
\c@savedpageref=\count378
\shorthandwidth=\skip73
\shortjournalwidth=\skip74
\shortserieswidth=\skip75
\shorttitlewidth=\skip76
\shortauthorwidth=\skip77
\shorteditorwidth=\skip78
\locallabelnumberwidth=\skip79
\locallabelalphawidth=\skip80
\localshorthandwidth=\skip81
\localshortjournalwidth=\skip82
\localshortserieswidth=\skip83
\localshorttitlewidth=\skip84
\localshortauthorwidth=\skip85
\localshorteditorwidth=\skip86
Package biblatex Info: Trying to load compatibility code...
Package biblatex Info: ... file 'blx-compat.def' found.
(/usr/share/texmf-dist/tex/latex/biblatex/blx-compat.def
File: blx-compat.def 2023/03/05 v3.19 biblatex compatibility (PK/MW)
)
Package biblatex Info: Trying to load generic definitions...
Package biblatex Info: ... file 'biblatex.def' found.
(/usr/share/texmf-dist/tex/latex/biblatex/biblatex.def
File: biblatex.def 2023/03/05 v3.19 biblatex compatibility (PK/MW)
\c@textcitecount=\count379
\c@textcitetotal=\count380
\c@textcitemaxnames=\count381
\c@biburlbigbreakpenalty=\count382
\c@biburlbreakpenalty=\count383
\c@biburlnumpenalty=\count384
\c@biburlucpenalty=\count385
\c@biburllcpenalty=\count386
\biburlbigskip=\muskip17
\biburlnumskip=\muskip18
\biburlucskip=\muskip19
\biburllcskip=\muskip20
\c@smartand=\count387
)
Package biblatex Info: Trying to load bibliography style 'numeric'...
Package biblatex Info: ... file 'numeric.bbx' found.
(/usr/share/texmf-dist/tex/latex/biblatex/bbx/numeric.bbx
File: numeric.bbx 2023/03/05 v3.19 biblatex bibliography style (PK/MW)
Package biblatex Info: Trying to load bibliography style 'standard'...
Package biblatex Info: ... file 'standard.bbx' found.
(/usr/share/texmf-dist/tex/latex/biblatex/bbx/standard.bbx
File: standard.bbx 2023/03/05 v3.19 biblatex bibliography style (PK/MW)
\c@bbx:relatedcount=\count388
\c@bbx:relatedtotal=\count389
))
Package biblatex Info: Trying to load citation style 'numeric'...
Package biblatex Info: ... file 'numeric.cbx' found.
(/usr/share/texmf-dist/tex/latex/biblatex/cbx/numeric.cbx
File: numeric.cbx 2023/03/05 v3.19 biblatex citation style (PK/MW)
Package biblatex Info: Redefining '\cite'.
Package biblatex Info: Redefining '\parencite'.
Package biblatex Info: Redefining '\footcite'.
Package biblatex Info: Redefining '\footcitetext'.
Package biblatex Info: Redefining '\smartcite'.
Package biblatex Info: Redefining '\supercite'.
Package biblatex Info: Redefining '\textcite'.
Package biblatex Info: Redefining '\textcites'.
Package biblatex Info: Redefining '\cites'.
Package biblatex Info: Redefining '\parencites'.
Package biblatex Info: Redefining '\smartcites'.
)
Package biblatex Info: Trying to load configuration file...
Package biblatex Info: ... file 'biblatex.cfg' found.
(/usr/share/texmf-dist/tex/latex/biblatex/biblatex.cfg
File: biblatex.cfg 
)
Package biblatex Info: Input encoding 'utf8' detected.
Package biblatex Info: Document encoding is UTF8 ....
(/usr/share/texmf-dist/tex/latex/l3kernel/expl3.sty
Package: expl3 2023-02-22 L3 programming layer (loader) 
(/usr/share/texmf-dist/tex/latex/l3backend/l3backend-pdftex.def
File: l3backend-pdftex.def 2023-01-16 L3 backend support: PDF output (pdfTeX)
\l__color_backend_stack_int=\count390
\l__pdf_internal_box=\box53
))
Package biblatex Info: ... and expl3
(biblatex)             2023-02-22 L3 programming layer (loader) 
(biblatex)             is new enough (at least 2020/04/06),
(biblatex)             setting 'casechanger=expl3'.
(/usr/share/texmf-dist/tex/latex/biblatex/blx-case-expl3.sty (/usr/share/texmf-
dist/tex/latex/l3packages/xparse/xparse.sty
Package: xparse 2023-02-02 L3 Experimental document command parser
)
Package: blx-case-expl3 2023/03/05 v3.19 expl3 case changing code for biblatex
)) (/usr/share/texmf-dist/tex/latex/amsmath/amsmath.sty
Package: amsmath 2022/04/08 v2.17n AMS math features
\@mathmargin=\skip87
For additional information on amsmath, use the `?' option.
(/usr/share/texmf-dist/tex/latex/amsmath/amstext.sty
Package: amstext 2021/08/26 v2.01 AMS text
(/usr/share/texmf-dist/tex/latex/amsmath/amsgen.sty
File: amsgen.sty 1999/11/30 v2.0 generic functions
\@emptytoks=\toks19
\ex@=\dimen142
)) (/usr/share/texmf-dist/tex/latex/amsmath/amsbsy.sty
Package: amsbsy 1999/11/29 v1.2d Bold Symbols
\pmbraise@=\dimen143
) (/usr/share/texmf-dist/tex/latex/amsmath/amsopn.sty
Package: amsopn 2022/04/08 v2.04 operator names
)
\inf@bad=\count391
LaTeX Info: Redefining \frac on input line 234.
\uproot@=\count392
\leftroot@=\count393
LaTeX Info: Redefining \overline on input line 399.
LaTeX Info: Redefining \colon on input line 410.
\classnum@=\count394
\DOTSCASE@=\count395
LaTeX Info: Redefining \ldots on input line 496.
LaTeX Info: Redefining \dots on input line 499.
LaTeX Info: Redefining \cdots on input line 620.
\Mathstrutbox@=\box54
\strutbox@=\box55
LaTeX Info: Redefining \big on input line 722.
LaTeX Info: Redefining \Big on input line 723.
LaTeX Info: Redefining \bigg on input line 724.
LaTeX Info: Redefining \Bigg on input line 725.
\big@size=\dimen144
LaTeX Font Info:    Redeclaring font encoding OML on input line 743.
LaTeX Font Info:    Redeclaring font encoding OMS on input line 744.
\macc@depth=\count396
LaTeX Info: Redefining \bmod on input line 905.
LaTeX Info: Redefining \pmod on input line 910.
LaTeX Info: Redefining \smash on input line 940.
LaTeX Info: Redefining \relbar on input line 970.
LaTeX Info: Redefining \Relbar on input line 971.
\c@MaxMatrixCols=\count397
\dotsspace@=\muskip21
\c@parentequation=\count398
\dspbrk@lvl=\count399
\tag@help=\toks20
\row@=\count400
\column@=\count401
\maxfields@=\count402
\andhelp@=\toks21
\eqnshift@=\dimen145
\alignsep@=\dimen146
\tagshift@=\dimen147
\tagwidth@=\dimen148
\totwidth@=\dimen149
\lineht@=\dimen150
\@envbody=\toks22
\multlinegap=\skip88
\multlinetaggap=\skip89
\mathdisplay@stack=\toks23
LaTeX Info: Redefining \[ on input line 2953.
LaTeX Info: Redefining \] on input line 2954.
) (/usr/share/texmf-dist/tex/latex/amsfonts/amssymb.sty
Package: amssymb 2013/01/14 v3.01 AMS font symbols
(/usr/share/texmf-dist/tex/latex/amsfonts/amsfonts.sty
Package: amsfonts 2013/01/14 v3.01 Basic AMSFonts support
\symAMSa=\mathgroup4
\symAMSb=\mathgroup5
LaTeX Font Info:    Redeclaring math symbol \hbar on input line 98.
LaTeX Font Info:    Overwriting math alphabet `\mathfrak' in version `bold'
(Font)                  U/euf/m/n --> U/euf/b/n on input line 106.
)) (/usr/share/texmf-dist/tex/latex/amscls/amsthm.sty
Package: amsthm 2020/05/29 v2.20.6
\thm@style=\toks24
\thm@bodyfont=\toks25
\thm@headfont=\toks26
\thm@notefont=\toks27
\thm@headpunct=\toks28
\thm@preskip=\skip90
\thm@postskip=\skip91
\thm@headsep=\skip92
\dth@everypar=\toks29
) (/usr/share/texmf-dist/tex/latex/xpatch/xpatch.sty
Package: xpatch 2020/03/25 v0.3a Extending etoolbox patching commands
)
Class scrbook Info: amsthm's \deferred@thm@head patched.
(/usr/share/texmf-dist/tex/latex/listings/listings.sty
\lst@mode=\count403
\lst@gtempboxa=\box56
\lst@token=\toks30
\lst@length=\count404
\lst@currlwidth=\dimen151
\lst@column=\count405
\lst@pos=\count406
\lst@lostspace=\dimen152
\lst@width=\dimen153
\lst@newlines=\count407
\lst@lineno=\count408
\lst@maxwidth=\dimen154
(/usr/share/texmf-dist/tex/latex/listings/lstmisc.sty
File: lstmisc.sty 2023/02/27 1.9 (Carsten Heinz)
\c@lstnumber=\count409
\lst@skipnumbers=\count410
\lst@framebox=\box57
) (/usr/share/texmf-dist/tex/latex/listings/listings.cfg
File: listings.cfg 2023/02/27 1.9 listings configuration
))
Package: listings 2023/02/27 1.9 (Carsten Heinz)
(/usr/share/texmf-dist/tex/latex/xcolor/xcolor.sty
Package: xcolor 2022/06/12 v2.14 LaTeX color extensions (UK)
(/usr/share/texmf-dist/tex/latex/graphics-cfg/color.cfg
File: color.cfg 2016/01/02 v1.6 sample color configuration
)
Package xcolor Info: Driver file: pdftex.def on input line 227.
(/usr/share/texmf-dist/tex/latex/graphics-def/pdftex.def
File: pdftex.def 2022/09/22 v1.2b Graphics/color driver for pdftex
) (/usr/share/texmf-dist/tex/latex/graphics/mathcolor.ltx)
Package xcolor Info: Model `cmy' substituted by `cmy0' on input line 1353.
Package xcolor Info: Model `hsb' substituted by `rgb' on input line 1357.
Package xcolor Info: Model `RGB' extended on input line 1369.
Package xcolor Info: Model `HTML' substituted by `rgb' on input line 1371.
Package xcolor Info: Model `Hsb' substituted by `hsb' on input line 1372.
Package xcolor Info: Model `tHsb' substituted by `hsb' on input line 1373.
Package xcolor Info: Model `HSB' substituted by `hsb' on input line 1374.
Package xcolor Info: Model `Gray' substituted by `gray' on input line 1375.
Package xcolor Info: Model `wave' substituted by `hsb' on input line 1376.
)
\sizebox=\box58
\lthtmlwrite=\write4
(/usr/share/texmf-dist/tex/latex/preview/preview.sty
Package: preview 2017/04/24 13.1 (AUCTeX/preview-latex)
(/usr/share/texmf-dist/tex/generic/luatex85/luatex85.sty
Package: luatex85 2016/06/15 v1.4 pdftex aliases for luatex
) (/usr/share/texmf-dist/tex/latex/preview/prtightpage.def
\PreviewBorder=\dimen155
)
\pr@snippet=\count411
\pr@box=\box59
\pr@output=\toks31
)
\lthtmlPageBox=\box60
\lthtmlCropMarkHeight=\dimen156
\lthtmlCropMarkDepth=\dimen157

Package biblatex Warning: 'babel/polyglossia' detected but 'csquotes' missing.
(biblatex)                Loading 'csquotes' recommended.

\@quotelevel=\count412
\@quotereset=\count413
No file images.aux.
\openout1 = `images.aux'.

LaTeX Font Info:    Checking defaults for OML/cmm/m/it on input line 141.
LaTeX Font Info:    ... okay on input line 141.
LaTeX Font Info:    Checking defaults for OMS/cmsy/m/n on input line 141.
LaTeX Font Info:    ... okay on input line 141.
LaTeX Font Info:    Checking defaults for OT1/cmr/m/n on input line 141.
LaTeX Font Info:    ... okay on input line 141.
LaTeX Font Info:    Checking defaults for T1/cmr/m/n on input line 141.
LaTeX Font Info:    ... okay on input line 141.
LaTeX Font Info:    Checking defaults for TS1/cmr/m/n on input line 141.
LaTeX Font Info:    ... okay on input line 141.
LaTeX Font Info:    Checking defaults for OMX/cmex/m/n on input line 141.
LaTeX Font Info:    ... okay on input line 141.
LaTeX Font Info:    Checking defaults for U/cmr/m/n on input line 141.
LaTeX Font Info:    ... okay on input line 141.
Package typearea Info: package `preview' with option `tightpage' detected.
(typearea)             initial page size special deactivated on input line 141.

Package biblatex Info: Trying to load language 'ngerman'...
Package biblatex Info: ... file 'ngerman.lbx' found.
(/usr/share/texmf-dist/tex/latex/biblatex/lbx/ngerman.lbx
File: ngerman.lbx 2023/03/05 v3.19 biblatex localization (PK/MW)
Package biblatex Info: Trying to load language 'german'...
Package biblatex Info: ... file 'german.lbx' found.
(/usr/share/texmf-dist/tex/latex/biblatex/lbx/german.lbx
File: german.lbx 2023/03/05 v3.19 biblatex localization (PK/MW)
)
Package biblatex Info: Trying to load language 'german'...
Package biblatex Info: ... file 'german.lbx' found.
(/usr/share/texmf-dist/tex/latex/biblatex/lbx/german.lbx
File: german.lbx 2023/03/05 v3.19 biblatex localization (PK/MW)
))
Package biblatex Info: Input encoding 'utf8' detected.
Package biblatex Info: Automatic encoding selection.
(biblatex)             Assuming data encoding 'utf8'.
\openout3 = `images.bcf'.

Package biblatex Info: Trying to load bibliographic data...
Package biblatex Info: ... file 'images.bbl' not found.
No file images.bbl.
Package biblatex Info: Reference section=0 on input line 141.
Package biblatex Info: Reference segment=0 on input line 141.
\c@lstlisting=\count414
(/usr/share/texmf-dist/tex/context/base/mkii/supp-pdf.mkii
[Loading MPS to PDF converter (version 2006.09.02).]
\scratchcounter=\count415
\scratchdimen=\dimen158
\scratchbox=\box61
\nofMPsegments=\count416
\nofMParguments=\count417
\everyMPshowfont=\toks32
\MPscratchCnt=\count418
\MPscratchDim=\dimen159
\MPnumerator=\count419
\makeMPintoPDFobject=\count420
\everyMPtoPDFconversion=\toks33
)
Preview: Fontsize 12pt
Preview: PDFoutput 1

latex2htmlLength hsize=448.13095pt

latex2htmlLength vsize=695.27559pt

latex2htmlLength hoffset=0.0pt

latex2htmlLength voffset=0.0pt

latex2htmlLength topmargin=0.0pt

latex2htmlLength topskip=0.00003pt

latex2htmlLength headheight=0.0pt

latex2htmlLength headsep=0.0pt

latex2htmlLength parskip=0.0pt plus 1.0pt

latex2htmlLength oddsidemargin=2.4185pt

latex2htmlLength evensidemargin=2.4185pt

LaTeX Font Info:    Trying to load font information for U+msa on input line 168
.
(/usr/share/texmf-dist/tex/latex/amsfonts/umsa.fd
File: umsa.fd 2013/01/14 v3.01 AMS symbols A
)
LaTeX Font Info:    Trying to load font information for U+msb on input line 168
.
(/usr/share/texmf-dist/tex/latex/amsfonts/umsb.fd
File: umsb.fd 2013/01/14 v3.01 AMS symbols B
)

:tex2html_wrap_inline1857:lthtmlCropMarkHeight:=15.0pt

:tex2html_wrap_inline1857:lthtmlCropMarkDepth:=3.0pt:1ex:=5.1654pt
Preview: Tightpage -32890 -32890 32890 32890
[1{/var/lib/texmf/fonts/map/pdftex/updmap/pdftex.map}]

:tex2html_wrap_inline1859:lthtmlCropMarkHeight:=15.51027pt

:tex2html_wrap_inline1859:lthtmlCropMarkDepth:=0.91663pt:1ex:=5.1654pt
[2]

:tex2html_wrap_inline1861:lthtmlCropMarkHeight:=15.51027pt

:tex2html_wrap_inline1861:lthtmlCropMarkDepth:=3.0pt:1ex:=5.1654pt
[3]

:tex2html_wrap_inline1865:lthtmlCropMarkHeight:=14.33331pt

:tex2html_wrap_inline1865:lthtmlCropMarkDepth:=0.0pt:1ex:=5.1654pt
[4]

:tex2html_wrap_inline1869:lthtmlCropMarkHeight:=14.33331pt

:tex2html_wrap_inline1869:lthtmlCropMarkDepth:=0.0pt:1ex:=5.1654pt
[5]

:tex2html_wrap_inline1873:lthtmlCropMarkHeight:=11.16667pt

:tex2html_wrap_inline1873:lthtmlCropMarkDepth:=0.0pt:1ex:=5.1654pt
[6]

:tex2html_wrap_inline1875:lthtmlCropMarkHeight:=15.0pt

:tex2html_wrap_inline1875:lthtmlCropMarkDepth:=3.0pt:1ex:=5.1654pt
[7]

:tex2html_wrap_inline1877:lthtmlCropMarkHeight:=11.16667pt

:tex2html_wrap_inline1877:lthtmlCropMarkDepth:=0.0pt:1ex:=5.1654pt
[8]

:tex2html_wrap_inline1879:lthtmlCropMarkHeight:=15.0pt

:tex2html_wrap_inline1879:lthtmlCropMarkDepth:=3.0pt:1ex:=5.1654pt
[9]

:tex2html_wrap_inline1881:lthtmlCropMarkHeight:=14.2pt

:tex2html_wrap_inline1881:lthtmlCropMarkDepth:=1.79999pt:1ex:=5.1654pt
[10]

:tex2html_wrap_inline1885:lthtmlCropMarkHeight:=14.2pt

:tex2html_wrap_inline1885:lthtmlCropMarkDepth:=1.79999pt:1ex:=5.1654pt
[11]

:tex2html_wrap_inline1887:lthtmlCropMarkHeight:=15.0pt

:tex2html_wrap_inline1887:lthtmlCropMarkDepth:=3.0pt:1ex:=5.1654pt
[12]

:tex2html_wrap_inline1889:lthtmlCropMarkHeight:=14.33331pt

:tex2html_wrap_inline1889:lthtmlCropMarkDepth:=1.63165pt:1ex:=5.1654pt
[13]

:tex2html_wrap_inline1891:lthtmlCropMarkHeight:=13.0pt

:tex2html_wrap_inline1891:lthtmlCropMarkDepth:=1.0pt:1ex:=5.1654pt
[14]

:tex2html_wrap_inline1893:lthtmlCropMarkHeight:=12.59831pt

:tex2html_wrap_inline1893:lthtmlCropMarkDepth:=0.42207pt:1ex:=5.1654pt
[15]

:tex2html_wrap_inline1895:lthtmlCropMarkHeight:=12.59831pt

:tex2html_wrap_inline1895:lthtmlCropMarkDepth:=0.42207pt:1ex:=5.1654pt
[16]

:tex2html_wrap_inline1897:lthtmlCropMarkHeight:=18.13332pt

:tex2html_wrap_inline1897:lthtmlCropMarkDepth:=4.89772pt:1ex:=5.1654pt
[17]

:tex2html_wrap_inline1899:lthtmlCropMarkHeight:=14.2pt

:tex2html_wrap_inline1899:lthtmlCropMarkDepth:=1.79999pt:1ex:=5.1654pt
[18]

:tex2html_wrap_inline1903:lthtmlCropMarkHeight:=18.13332pt

:tex2html_wrap_inline1903:lthtmlCropMarkDepth:=4.89772pt:1ex:=5.1654pt
[19]

:tex2html_wrap_inline1909:lthtmlCropMarkHeight:=13.0pt

:tex2html_wrap_inline1909:lthtmlCropMarkDepth:=1.0pt:1ex:=5.1654pt
[20]

:tex2html_wrap_inline1911:lthtmlCropMarkHeight:=11.16667pt

:tex2html_wrap_inline1911:lthtmlCropMarkDepth:=0.0pt:1ex:=5.1654pt
[21]

:tex2html_wrap_inline1913:lthtmlCropMarkHeight:=11.16667pt

:tex2html_wrap_inline1913:lthtmlCropMarkDepth:=0.0pt:1ex:=5.1654pt
[22]

:tex2html_wrap_inline1917:lthtmlCropMarkHeight:=15.0pt

:tex2html_wrap_inline1917:lthtmlCropMarkDepth:=3.0pt:1ex:=5.1654pt
[23]

:tex2html_wrap_inline1923:lthtmlCropMarkHeight:=15.82137pt

:tex2html_wrap_inline1923:lthtmlCropMarkDepth:=0.0pt:1ex:=5.1654pt
[24]

:tex2html_wrap_inline1925:lthtmlCropMarkHeight:=15.0pt

:tex2html_wrap_inline1925:lthtmlCropMarkDepth:=3.0pt:1ex:=5.1654pt
[25]

:tex2html_wrap_inline1927:lthtmlCropMarkHeight:=11.16667pt

:tex2html_wrap_inline1927:lthtmlCropMarkDepth:=2.33331pt:1ex:=5.1654pt
[26]

:tex2html_wrap_inline1929:lthtmlCropMarkHeight:=14.33331pt

:tex2html_wrap_inline1929:lthtmlCropMarkDepth:=0.0pt:1ex:=5.1654pt
[27]

:tex2html_wrap_inline1933:lthtmlCropMarkHeight:=14.33331pt

:tex2html_wrap_inline1933:lthtmlCropMarkDepth:=0.0pt:1ex:=5.1654pt
[28]

:tex2html_wrap_inline1935:lthtmlCropMarkHeight:=13.86708pt

:tex2html_wrap_inline1935:lthtmlCropMarkDepth:=0.0pt:1ex:=5.1654pt
[29]

:tex2html_wrap_inline1939:lthtmlCropMarkHeight:=15.09746pt

:tex2html_wrap_inline1939:lthtmlCropMarkDepth:=2.33331pt:1ex:=5.1654pt
[30]

:tex2html_wrap_inline1941:lthtmlCropMarkHeight:=14.33331pt

:tex2html_wrap_inline1941:lthtmlCropMarkDepth:=2.33331pt:1ex:=5.1654pt
[31]

:tex2html_wrap_inline1943:lthtmlCropMarkHeight:=14.33331pt

:tex2html_wrap_inline1943:lthtmlCropMarkDepth:=2.33331pt:1ex:=5.1654pt
[32]

:tex2html_wrap_inline1945:lthtmlCropMarkHeight:=14.33331pt

:tex2html_wrap_inline1945:lthtmlCropMarkDepth:=2.33331pt:1ex:=5.1654pt
[33]

:tex2html_wrap_inline1947:lthtmlCropMarkHeight:=11.16667pt

:tex2html_wrap_inline1947:lthtmlCropMarkDepth:=0.0pt:1ex:=5.1654pt
[34]

:tex2html_wrap_inline1953:lthtmlCropMarkHeight:=13.73332pt

:tex2html_wrap_inline1953:lthtmlCropMarkDepth:=0.0pt:1ex:=5.1654pt
[35]

:tex2html_wrap_inline1955:lthtmlCropMarkHeight:=11.16667pt

:tex2html_wrap_inline1955:lthtmlCropMarkDepth:=3.35555pt:1ex:=5.1654pt
[36]

:tex2html_wrap_inline1961:lthtmlCropMarkHeight:=22.04451pt

:tex2html_wrap_inline1961:lthtmlCropMarkDepth:=11.48877pt:1ex:=5.1654pt
[37]

:tex2html_wrap_inline1963:lthtmlCropMarkHeight:=16.3547pt

:tex2html_wrap_inline1963:lthtmlCropMarkDepth:=0.0pt:1ex:=5.1654pt
[38]

:tex2html_wrap_inline1965:lthtmlCropMarkHeight:=16.3547pt

:tex2html_wrap_inline1965:lthtmlCropMarkDepth:=0.0pt:1ex:=5.1654pt
[39]

:tex2html_wrap_inline1967:lthtmlCropMarkHeight:=16.3547pt

:tex2html_wrap_inline1967:lthtmlCropMarkDepth:=0.0pt:1ex:=5.1654pt
[40]

:tex2html_wrap_inline1969:lthtmlCropMarkHeight:=16.3547pt

:tex2html_wrap_inline1969:lthtmlCropMarkDepth:=0.0pt:1ex:=5.1654pt
[41]

:tex2html_wrap_inline2063:lthtmlCropMarkHeight:=14.2pt

:tex2html_wrap_inline2063:lthtmlCropMarkDepth:=1.79999pt:1ex:=5.1654pt
[42]

:tex2html_wrap_inline2065:lthtmlCropMarkHeight:=14.2pt

:tex2html_wrap_inline2065:lthtmlCropMarkDepth:=1.79999pt:1ex:=5.1654pt
[43]

:tex2html_wrap_inline2067:lthtmlCropMarkHeight:=14.33331pt

:tex2html_wrap_inline2067:lthtmlCropMarkDepth:=0.0pt:1ex:=5.1654pt
[44]

:tex2html_wrap_inline2069:lthtmlCropMarkHeight:=14.33331pt

:tex2html_wrap_inline2069:lthtmlCropMarkDepth:=0.0pt:1ex:=5.1654pt
[45]

:tex2html_wrap_inline2071:lthtmlCropMarkHeight:=14.33331pt

:tex2html_wrap_inline2071:lthtmlCropMarkDepth:=0.0pt:1ex:=5.1654pt
[46]

:tex2html_wrap_inline2077:lthtmlCropMarkHeight:=15.60329pt

:tex2html_wrap_inline2077:lthtmlCropMarkDepth:=2.87668pt:1ex:=5.1654pt
[47]

:tex2html_wrap_inline2079:lthtmlCropMarkHeight:=14.16922pt

:tex2html_wrap_inline2079:lthtmlCropMarkDepth:=4.13809pt:1ex:=5.1654pt
[48]

:tex2html_wrap_inline2081:lthtmlCropMarkHeight:=15.0pt

:tex2html_wrap_inline2081:lthtmlCropMarkDepth:=3.0pt:1ex:=5.1654pt
[49]

:tex2html_wrap_inline2083:lthtmlCropMarkHeight:=14.33331pt

:tex2html_wrap_inline2083:lthtmlCropMarkDepth:=1.79999pt:1ex:=5.1654pt
[50]

:tex2html_wrap_inline2085:lthtmlCropMarkHeight:=14.33333pt

:tex2html_wrap_inline2085:lthtmlCropMarkDepth:=2.33331pt:1ex:=5.1654pt
[51]

:tex2html_wrap_inline2091:lthtmlCropMarkHeight:=11.58334pt

:tex2html_wrap_inline2091:lthtmlCropMarkDepth:=0.0pt:1ex:=5.1654pt
[52]

:tex2html_wrap_inline2095:lthtmlCropMarkHeight:=13.73332pt

:tex2html_wrap_inline2095:lthtmlCropMarkDepth:=0.0pt:1ex:=5.1654pt
[53]

:tex2html_wrap_inline2097:lthtmlCropMarkHeight:=13.73332pt

:tex2html_wrap_inline2097:lthtmlCropMarkDepth:=0.0pt:1ex:=5.1654pt
[54]

:tex2html_wrap_inline2099:lthtmlCropMarkHeight:=14.2pt

:tex2html_wrap_inline2099:lthtmlCropMarkDepth:=1.79999pt:1ex:=5.1654pt
[55]

:tex2html_wrap_inline2105:lthtmlCropMarkHeight:=14.2pt

:tex2html_wrap_inline2105:lthtmlCropMarkDepth:=0.0pt:1ex:=5.1654pt
[56]

:tex2html_wrap_inline2111:lthtmlCropMarkHeight:=12.66669pt

:tex2html_wrap_inline2111:lthtmlCropMarkDepth:=0.0pt:1ex:=5.1654pt
[57]

:tex2html_wrap_inline2146:lthtmlCropMarkHeight:=14.2pt

:tex2html_wrap_inline2146:lthtmlCropMarkDepth:=0.0pt:1ex:=5.1654pt
[58]

:tex2html_wrap_inline2148:lthtmlCropMarkHeight:=15.0pt

:tex2html_wrap_inline2148:lthtmlCropMarkDepth:=3.35555pt:1ex:=5.1654pt
[59]

:tex2html_wrap_inline2150:lthtmlCropMarkHeight:=15.0pt

:tex2html_wrap_inline2150:lthtmlCropMarkDepth:=3.35555pt:1ex:=5.1654pt
[60]

:tex2html_wrap_inline2152:lthtmlCropMarkHeight:=14.33331pt

:tex2html_wrap_inline2152:lthtmlCropMarkDepth:=1.79999pt:1ex:=5.1654pt
[61]

:tex2html_wrap_inline2154:lthtmlCropMarkHeight:=14.2pt

:tex2html_wrap_inline2154:lthtmlCropMarkDepth:=1.79999pt:1ex:=5.1654pt
[62]

:tex2html_wrap_inline2156:lthtmlCropMarkHeight:=18.13332pt

:tex2html_wrap_inline2156:lthtmlCropMarkDepth:=3.34216pt:1ex:=5.1654pt
[63]

:tex2html_wrap_inline2158:lthtmlCropMarkHeight:=16.13322pt

:tex2html_wrap_inline2158:lthtmlCropMarkDepth:=2.33331pt:1ex:=5.1654pt
[64]

:tex2html_wrap_inline2160:lthtmlCropMarkHeight:=16.13322pt

:tex2html_wrap_inline2160:lthtmlCropMarkDepth:=2.33331pt:1ex:=5.1654pt
[65]

:tex2html_wrap_inline2162:lthtmlCropMarkHeight:=13.73332pt

:tex2html_wrap_inline2162:lthtmlCropMarkDepth:=2.33331pt:1ex:=5.1654pt
[66]

:tex2html_wrap_inline2164:lthtmlCropMarkHeight:=16.13322pt

:tex2html_wrap_inline2164:lthtmlCropMarkDepth:=2.33331pt:1ex:=5.1654pt
[67]

:tex2html_wrap_inline2166:lthtmlCropMarkHeight:=14.33331pt

:tex2html_wrap_inline2166:lthtmlCropMarkDepth:=0.0pt:1ex:=5.1654pt
[68]

:tex2html_wrap_inline2168:lthtmlCropMarkHeight:=14.2pt

:tex2html_wrap_inline2168:lthtmlCropMarkDepth:=3.86668pt:1ex:=5.1654pt
[69]

:tex2html_wrap_inline2170:lthtmlCropMarkHeight:=14.33333pt

:tex2html_wrap_inline2170:lthtmlCropMarkDepth:=2.33331pt:1ex:=5.1654pt
[70]

:tex2html_wrap_inline2173:lthtmlCropMarkHeight:=14.33331pt

:tex2html_wrap_inline2173:lthtmlCropMarkDepth:=0.0pt:1ex:=5.1654pt
[71]

:tex2html_wrap_indisplay2179:lthtmlCropMarkHeight:=29.4934pt

:tex2html_wrap_indisplay2179:lthtmlCropMarkDepth:=15.08878pt:1ex:=5.1654pt
[72]

:tex2html_wrap_inline2187:lthtmlCropMarkHeight:=15.0pt

:tex2html_wrap_inline2187:lthtmlCropMarkDepth:=3.35555pt:1ex:=5.1654pt
[73]

:tex2html_wrap_inline2189:lthtmlCropMarkHeight:=15.51027pt

:tex2html_wrap_inline2189:lthtmlCropMarkDepth:=3.35555pt:1ex:=5.1654pt
[74]

:tex2html_wrap_inline2191:lthtmlCropMarkHeight:=16.13322pt

:tex2html_wrap_inline2191:lthtmlCropMarkDepth:=2.33331pt:1ex:=5.1654pt
[75]

:tex2html_wrap_inline2193:lthtmlCropMarkHeight:=16.13322pt

:tex2html_wrap_inline2193:lthtmlCropMarkDepth:=2.33331pt:1ex:=5.1654pt
[76]

:tex2html_wrap_inline2199:lthtmlCropMarkHeight:=14.2pt

:tex2html_wrap_inline2199:lthtmlCropMarkDepth:=1.79999pt:1ex:=5.1654pt
[77]

:tex2html_wrap_inline2201:lthtmlCropMarkHeight:=14.33331pt

:tex2html_wrap_inline2201:lthtmlCropMarkDepth:=2.33331pt:1ex:=5.1654pt
[78]

:tex2html_wrap_inline2203:lthtmlCropMarkHeight:=15.0pt

:tex2html_wrap_inline2203:lthtmlCropMarkDepth:=3.0pt:1ex:=5.1654pt
[79]

:tex2html_wrap_inline2219:lthtmlCropMarkHeight:=11.16667pt

:tex2html_wrap_inline2219:lthtmlCropMarkDepth:=1.79999pt:1ex:=5.1654pt
[80]

:tex2html_wrap_inline2223:lthtmlCropMarkHeight:=20.51062pt

:tex2html_wrap_inline2223:lthtmlCropMarkDepth:=3.34216pt:1ex:=5.1654pt
[81]

:tex2html_wrap_inline2237:lthtmlCropMarkHeight:=15.88034pt

:tex2html_wrap_inline2237:lthtmlCropMarkDepth:=4.13809pt:1ex:=5.1654pt
[82]

:tex2html_wrap_inline2239:lthtmlCropMarkHeight:=20.23177pt

:tex2html_wrap_inline2239:lthtmlCropMarkDepth:=3.34216pt:1ex:=5.1654pt
[83]

:tex2html_wrap_inline2253:lthtmlCropMarkHeight:=15.64542pt

:tex2html_wrap_inline2253:lthtmlCropMarkDepth:=4.13809pt:1ex:=5.1654pt
[84]

:tex2html_wrap_inline2255:lthtmlCropMarkHeight:=18.13332pt

:tex2html_wrap_inline2255:lthtmlCropMarkDepth:=3.34216pt:1ex:=5.1654pt
[85]

:tex2html_wrap_inline2257:lthtmlCropMarkHeight:=18.13332pt

:tex2html_wrap_inline2257:lthtmlCropMarkDepth:=3.34216pt:1ex:=5.1654pt
[86]

:tex2html_wrap_inline2314:lthtmlCropMarkHeight:=18.13332pt

:tex2html_wrap_inline2314:lthtmlCropMarkDepth:=3.34216pt:1ex:=5.1654pt
[87]

:tex2html_wrap_inline2316:lthtmlCropMarkHeight:=18.13332pt

:tex2html_wrap_inline2316:lthtmlCropMarkDepth:=3.34216pt:1ex:=5.1654pt
[88]

:tex2html_wrap_inline2320:lthtmlCropMarkHeight:=13.73332pt

:tex2html_wrap_inline2320:lthtmlCropMarkDepth:=1.0pt:1ex:=5.1654pt
[89]

:tex2html_wrap_inline2322:lthtmlCropMarkHeight:=16.13322pt

:tex2html_wrap_inline2322:lthtmlCropMarkDepth:=2.33331pt:1ex:=5.1654pt
[90]

:tex2html_wrap_inline2324:lthtmlCropMarkHeight:=13.73332pt

:tex2html_wrap_inline2324:lthtmlCropMarkDepth:=1.0pt:1ex:=5.1654pt
[91]

:tex2html_wrap_inline2326:lthtmlCropMarkHeight:=14.33331pt

:tex2html_wrap_inline2326:lthtmlCropMarkDepth:=2.33331pt:1ex:=5.1654pt
[92]

:tex2html_wrap_inline2335:lthtmlCropMarkHeight:=15.0pt

:tex2html_wrap_inline2335:lthtmlCropMarkDepth:=3.35555pt:1ex:=5.1654pt
[93]

:tex2html_wrap_inline2341:lthtmlCropMarkHeight:=14.33331pt

:tex2html_wrap_inline2341:lthtmlCropMarkDepth:=2.33331pt:1ex:=5.1654pt
[94]

:tex2html_wrap_inline2343:lthtmlCropMarkHeight:=11.16667pt

:tex2html_wrap_inline2343:lthtmlCropMarkDepth:=1.79999pt:1ex:=5.1654pt
[95]

:tex2html_wrap_inline2347:lthtmlCropMarkHeight:=15.0pt

:tex2html_wrap_inline2347:lthtmlCropMarkDepth:=3.0pt:1ex:=5.1654pt
[96]

:tex2html_wrap_inline2351:lthtmlCropMarkHeight:=16.28033pt

:tex2html_wrap_inline2351:lthtmlCropMarkDepth:=4.13809pt:1ex:=5.1654pt
[97]

:tex2html_wrap_inline2353:lthtmlCropMarkHeight:=13.73332pt

:tex2html_wrap_inline2353:lthtmlCropMarkDepth:=1.79999pt:1ex:=5.1654pt
[98]

:tex2html_wrap_indisplay2357:lthtmlCropMarkHeight:=39.45004pt

:tex2html_wrap_indisplay2357:lthtmlCropMarkDepth:=27.45004pt:1ex:=5.1654pt
[99]

:tex2html_wrap_inline2364:lthtmlCropMarkHeight:=14.2pt

:tex2html_wrap_inline2364:lthtmlCropMarkDepth:=3.35555pt:1ex:=5.1654pt
[100]

:tex2html_wrap_inline2368:lthtmlCropMarkHeight:=15.0pt

:tex2html_wrap_inline2368:lthtmlCropMarkDepth:=3.35555pt:1ex:=5.1654pt
[101]

:tex2html_wrap_inline2370:lthtmlCropMarkHeight:=15.0pt

:tex2html_wrap_inline2370:lthtmlCropMarkDepth:=3.0pt:1ex:=5.1654pt
[102]

:tex2html_wrap_inline2374:lthtmlCropMarkHeight:=11.16667pt

:tex2html_wrap_inline2374:lthtmlCropMarkDepth:=3.35555pt:1ex:=5.1654pt
[103]

:tex2html_wrap_inline2376:lthtmlCropMarkHeight:=15.0pt

:tex2html_wrap_inline2376:lthtmlCropMarkDepth:=3.0pt:1ex:=5.1654pt
[104]

:tex2html_wrap_inline2378:lthtmlCropMarkHeight:=14.33331pt

:tex2html_wrap_inline2378:lthtmlCropMarkDepth:=2.33331pt:1ex:=5.1654pt
[105]

:tex2html_wrap_inline2393:lthtmlCropMarkHeight:=14.33331pt

:tex2html_wrap_inline2393:lthtmlCropMarkDepth:=2.33331pt:1ex:=5.1654pt
[106]

:tex2html_wrap_inline2395:lthtmlCropMarkHeight:=11.16667pt

:tex2html_wrap_inline2395:lthtmlCropMarkDepth:=1.79999pt:1ex:=5.1654pt
[107]

:tex2html_wrap_inline2399:lthtmlCropMarkHeight:=15.0pt

:tex2html_wrap_inline2399:lthtmlCropMarkDepth:=3.0pt:1ex:=5.1654pt
[108]

:tex2html_wrap_inline2403:lthtmlCropMarkHeight:=16.28033pt

:tex2html_wrap_inline2403:lthtmlCropMarkDepth:=4.13809pt:1ex:=5.1654pt
[109]

:tex2html_wrap_inline2405:lthtmlCropMarkHeight:=13.73332pt

:tex2html_wrap_inline2405:lthtmlCropMarkDepth:=1.79999pt:1ex:=5.1654pt
[110]

:tex2html_wrap_indisplay2409:lthtmlCropMarkHeight:=39.45004pt

:tex2html_wrap_indisplay2409:lthtmlCropMarkDepth:=27.45004pt:1ex:=5.1654pt
[111]

:tex2html_wrap_inline2420:lthtmlCropMarkHeight:=14.33331pt

:tex2html_wrap_inline2420:lthtmlCropMarkDepth:=2.33331pt:1ex:=5.1654pt
[112]

:tex2html_wrap_inline2424:lthtmlCropMarkHeight:=15.51027pt

:tex2html_wrap_inline2424:lthtmlCropMarkDepth:=3.0pt:1ex:=5.1654pt
[113]

:tex2html_wrap_inline2426:lthtmlCropMarkHeight:=15.0pt

:tex2html_wrap_inline2426:lthtmlCropMarkDepth:=3.35555pt:1ex:=5.1654pt
[114]

:tex2html_wrap_indisplay2430:lthtmlCropMarkHeight:=15.0pt

:tex2html_wrap_indisplay2430:lthtmlCropMarkDepth:=3.35555pt:1ex:=5.1654pt
[115]

:tex2html_wrap_inline2432:lthtmlCropMarkHeight:=14.2pt

:tex2html_wrap_inline2432:lthtmlCropMarkDepth:=2.33331pt:1ex:=5.1654pt
[116]

:tex2html_wrap_inline2435:lthtmlCropMarkHeight:=11.16667pt

:tex2html_wrap_inline2435:lthtmlCropMarkDepth:=2.33331pt:1ex:=5.1654pt
[117]

:tex2html_wrap_inline2437:lthtmlCropMarkHeight:=14.2pt

:tex2html_wrap_inline2437:lthtmlCropMarkDepth:=1.79999pt:1ex:=5.1654pt
[118]

:tex2html_wrap_inline2441:lthtmlCropMarkHeight:=15.0pt

:tex2html_wrap_inline2441:lthtmlCropMarkDepth:=3.35555pt:1ex:=5.1654pt
[119]

:tex2html_wrap_inline2443:lthtmlCropMarkHeight:=11.16667pt

:tex2html_wrap_inline2443:lthtmlCropMarkDepth:=2.33331pt:1ex:=5.1654pt
[120]

:tex2html_wrap_inline2447:lthtmlCropMarkHeight:=11.16667pt

:tex2html_wrap_inline2447:lthtmlCropMarkDepth:=0.0pt:1ex:=5.1654pt
[121]

:tex2html_wrap_inline2458:lthtmlCropMarkHeight:=15.0pt

:tex2html_wrap_inline2458:lthtmlCropMarkDepth:=3.0pt:1ex:=5.1654pt
[122]

:tex2html_wrap_inline2462:lthtmlCropMarkHeight:=16.13322pt

:tex2html_wrap_inline2462:lthtmlCropMarkDepth:=3.35555pt:1ex:=5.1654pt
[123]

:tex2html_wrap_inline2464:lthtmlCropMarkHeight:=14.2pt

:tex2html_wrap_inline2464:lthtmlCropMarkDepth:=3.35555pt:1ex:=5.1654pt
[124]

:tex2html_wrap_inline2466:lthtmlCropMarkHeight:=14.2pt

:tex2html_wrap_inline2466:lthtmlCropMarkDepth:=3.35555pt:1ex:=5.1654pt
[125]

:tex2html_wrap_inline2468:lthtmlCropMarkHeight:=14.2pt

:tex2html_wrap_inline2468:lthtmlCropMarkDepth:=3.35555pt:1ex:=5.1654pt
[126]

:tex2html_wrap_inline2470:lthtmlCropMarkHeight:=14.2pt

:tex2html_wrap_inline2470:lthtmlCropMarkDepth:=3.35555pt:1ex:=5.1654pt
[127]

:tex2html_wrap_inline2474:lthtmlCropMarkHeight:=14.33331pt

:tex2html_wrap_inline2474:lthtmlCropMarkDepth:=0.0pt:1ex:=5.1654pt
[128]

:tex2html_wrap_inline2486:lthtmlCropMarkHeight:=14.33331pt

:tex2html_wrap_inline2486:lthtmlCropMarkDepth:=0.0pt:1ex:=5.1654pt
[129]

:tex2html_wrap_indisplay2488:lthtmlCropMarkHeight:=39.45004pt

:tex2html_wrap_indisplay2488:lthtmlCropMarkDepth:=27.45004pt:1ex:=5.1654pt
[130]

:tex2html_wrap_inline2495:lthtmlCropMarkHeight:=14.2pt

:tex2html_wrap_inline2495:lthtmlCropMarkDepth:=1.79999pt:1ex:=5.1654pt
[131]

:tex2html_wrap_inline2501:lthtmlCropMarkHeight:=14.2pt

:tex2html_wrap_inline2501:lthtmlCropMarkDepth:=1.79999pt:1ex:=5.1654pt
[132]

:tex2html_wrap_inline2503:lthtmlCropMarkHeight:=15.0pt

:tex2html_wrap_inline2503:lthtmlCropMarkDepth:=3.0pt:1ex:=5.1654pt
[133]

:tex2html_wrap_indisplay2515:lthtmlCropMarkHeight:=27.35562pt

:tex2html_wrap_indisplay2515:lthtmlCropMarkDepth:=18.16008pt:1ex:=5.1654pt
[134]

:tex2html_wrap_inline2521:lthtmlCropMarkHeight:=17.49995pt

:tex2html_wrap_inline2521:lthtmlCropMarkDepth:=1.79999pt:1ex:=5.1654pt
[135]

:tex2html_wrap_inline2535:lthtmlCropMarkHeight:=17.36664pt

:tex2html_wrap_inline2535:lthtmlCropMarkDepth:=1.79999pt:1ex:=5.1654pt
[136]

:tex2html_wrap_inline2537:lthtmlCropMarkHeight:=14.33331pt

:tex2html_wrap_inline2537:lthtmlCropMarkDepth:=2.33331pt:1ex:=5.1654pt
[137]

:tex2html_wrap_inline2541:lthtmlCropMarkHeight:=17.36664pt

:tex2html_wrap_inline2541:lthtmlCropMarkDepth:=1.79999pt:1ex:=5.1654pt
[138]

:tex2html_wrap_inline2555:lthtmlCropMarkHeight:=14.33331pt

:tex2html_wrap_inline2555:lthtmlCropMarkDepth:=1.79999pt:1ex:=5.1654pt
[139]

:tex2html_wrap_inline2559:lthtmlCropMarkHeight:=23.67726pt

:tex2html_wrap_inline2559:lthtmlCropMarkDepth:=3.34216pt:1ex:=5.1654pt
[140]

:tex2html_wrap_inline2575:lthtmlCropMarkHeight:=23.3984pt

:tex2html_wrap_inline2575:lthtmlCropMarkDepth:=3.34216pt:1ex:=5.1654pt
[141]

:tex2html_wrap_inline2589:lthtmlCropMarkHeight:=16.28033pt

:tex2html_wrap_inline2589:lthtmlCropMarkDepth:=4.13809pt:1ex:=5.1654pt
[142]

:tex2html_wrap_inline2653:lthtmlCropMarkHeight:=21.29996pt

:tex2html_wrap_inline2653:lthtmlCropMarkDepth:=3.34216pt:1ex:=5.1654pt
[143]

:tex2html_wrap_inline2655:lthtmlCropMarkHeight:=21.29996pt

:tex2html_wrap_inline2655:lthtmlCropMarkDepth:=3.34216pt:1ex:=5.1654pt
[144]

:tex2html_wrap_inline2661:lthtmlCropMarkHeight:=16.13322pt

:tex2html_wrap_inline2661:lthtmlCropMarkDepth:=2.33331pt:1ex:=5.1654pt
[145]

:tex2html_wrap_indisplay2696:lthtmlCropMarkHeight:=39.45004pt

:tex2html_wrap_indisplay2696:lthtmlCropMarkDepth:=27.45004pt:1ex:=5.1654pt
[146]

:tex2html_wrap_inline2707:lthtmlCropMarkHeight:=15.0pt

:tex2html_wrap_inline2707:lthtmlCropMarkDepth:=3.35555pt:1ex:=5.1654pt
[147]

:tex2html_wrap_inline2709:lthtmlCropMarkHeight:=15.0pt

:tex2html_wrap_inline2709:lthtmlCropMarkDepth:=3.0pt:1ex:=5.1654pt
[148]

:tex2html_wrap_inline2715:lthtmlCropMarkHeight:=15.0pt

:tex2html_wrap_inline2715:lthtmlCropMarkDepth:=3.0pt:1ex:=5.1654pt
[149]

:tex2html_wrap_inline2717:lthtmlCropMarkHeight:=14.33331pt

:tex2html_wrap_inline2717:lthtmlCropMarkDepth:=2.33331pt:1ex:=5.1654pt
[150]

:tex2html_wrap_indisplay2746:lthtmlCropMarkHeight:=39.45004pt

:tex2html_wrap_indisplay2746:lthtmlCropMarkDepth:=27.45004pt:1ex:=5.1654pt
[151]

:tex2html_wrap_inline2763:lthtmlCropMarkHeight:=17.36664pt

:tex2html_wrap_inline2763:lthtmlCropMarkDepth:=3.35555pt:1ex:=5.1654pt
[152]

:tex2html_wrap_indisplay2767:lthtmlCropMarkHeight:=16.5476pt

:tex2html_wrap_indisplay2767:lthtmlCropMarkDepth:=3.35555pt:1ex:=5.1654pt
[153]

:tex2html_wrap_inline2769:lthtmlCropMarkHeight:=17.36664pt

:tex2html_wrap_inline2769:lthtmlCropMarkDepth:=2.33331pt:1ex:=5.1654pt
[154]

:tex2html_wrap_inline2771:lthtmlCropMarkHeight:=14.33331pt

:tex2html_wrap_inline2771:lthtmlCropMarkDepth:=2.33331pt:1ex:=5.1654pt
[155]

:tex2html_wrap_inline2779:lthtmlCropMarkHeight:=14.33331pt

:tex2html_wrap_inline2779:lthtmlCropMarkDepth:=2.33331pt:1ex:=5.1654pt
[156]

:tex2html_wrap_inline2788:lthtmlCropMarkHeight:=21.29996pt

:tex2html_wrap_inline2788:lthtmlCropMarkDepth:=3.34216pt:1ex:=5.1654pt
[157]

:tex2html_wrap_inline2802:lthtmlCropMarkHeight:=14.2pt

:tex2html_wrap_inline2802:lthtmlCropMarkDepth:=3.35555pt:1ex:=5.1654pt
[158]

:tex2html_wrap_inline2804:lthtmlCropMarkHeight:=14.2pt

:tex2html_wrap_inline2804:lthtmlCropMarkDepth:=3.35555pt:1ex:=5.1654pt
[159]

:tex2html_wrap_indisplay2820:lthtmlCropMarkHeight:=39.45004pt

:tex2html_wrap_indisplay2820:lthtmlCropMarkDepth:=27.45004pt:1ex:=5.1654pt
[160]

:tex2html_wrap_inline2823:lthtmlCropMarkHeight:=15.0pt

:tex2html_wrap_inline2823:lthtmlCropMarkDepth:=3.0pt:1ex:=5.1654pt
[161]

:tex2html_wrap_inline2825:lthtmlCropMarkHeight:=14.33331pt

:tex2html_wrap_inline2825:lthtmlCropMarkDepth:=2.33331pt:1ex:=5.1654pt
[162]

:tex2html_wrap_inline2835:lthtmlCropMarkHeight:=16.3547pt

:tex2html_wrap_inline2835:lthtmlCropMarkDepth:=0.0pt:1ex:=5.1654pt
[163]

:tex2html_wrap_inline2841:lthtmlCropMarkHeight:=11.16667pt

:tex2html_wrap_inline2841:lthtmlCropMarkDepth:=0.0pt:1ex:=5.1654pt
[164]

:tex2html_wrap_inline2843:lthtmlCropMarkHeight:=14.2pt

:tex2html_wrap_inline2843:lthtmlCropMarkDepth:=1.79999pt:1ex:=5.1654pt
[165]

:tex2html_wrap_inline2845:lthtmlCropMarkHeight:=14.2pt

:tex2html_wrap_inline2845:lthtmlCropMarkDepth:=2.63336pt:1ex:=5.1654pt
[166]

:tex2html_wrap_inline2847:lthtmlCropMarkHeight:=14.2pt

:tex2html_wrap_inline2847:lthtmlCropMarkDepth:=2.63336pt:1ex:=5.1654pt
[167]

:tex2html_wrap_indisplay2851:lthtmlCropMarkHeight:=21.29996pt

:tex2html_wrap_indisplay2851:lthtmlCropMarkDepth:=3.34216pt:1ex:=5.1654pt
[168]

:tex2html_wrap_inline2857:lthtmlCropMarkHeight:=18.13332pt

:tex2html_wrap_inline2857:lthtmlCropMarkDepth:=3.34216pt:1ex:=5.1654pt
[169]

:tex2html_wrap_inline2861:lthtmlCropMarkHeight:=11.16667pt

:tex2html_wrap_inline2861:lthtmlCropMarkDepth:=0.0pt:1ex:=5.1654pt
[170]

:tex2html_wrap_inline2863:lthtmlCropMarkHeight:=21.29996pt

:tex2html_wrap_inline2863:lthtmlCropMarkDepth:=3.34216pt:1ex:=5.1654pt
[171]

:tex2html_wrap_inline2869:lthtmlCropMarkHeight:=18.13332pt

:tex2html_wrap_inline2869:lthtmlCropMarkDepth:=3.34216pt:1ex:=5.1654pt
[172]

:tex2html_wrap_inline2875:lthtmlCropMarkHeight:=15.0pt

:tex2html_wrap_inline2875:lthtmlCropMarkDepth:=3.0pt:1ex:=5.1654pt
[173]

:tex2html_wrap_inline2879:lthtmlCropMarkHeight:=14.2pt

:tex2html_wrap_inline2879:lthtmlCropMarkDepth:=1.79999pt:1ex:=5.1654pt
[174]

:tex2html_wrap_inline2881:lthtmlCropMarkHeight:=15.0pt

:tex2html_wrap_inline2881:lthtmlCropMarkDepth:=3.35555pt:1ex:=5.1654pt
[175]

:tex2html_wrap_inline2883:lthtmlCropMarkHeight:=15.51027pt

:tex2html_wrap_inline2883:lthtmlCropMarkDepth:=3.35555pt:1ex:=5.1654pt
[176]

:tex2html_wrap_inline2893:lthtmlCropMarkHeight:=12.97998pt

:tex2html_wrap_inline2893:lthtmlCropMarkDepth:=1.79999pt:1ex:=5.1654pt
[177]

:tex2html_wrap_inline2907:lthtmlCropMarkHeight:=14.33331pt

:tex2html_wrap_inline2907:lthtmlCropMarkDepth:=0.0pt:1ex:=5.1654pt
[178]

:tex2html_wrap_inline2909:lthtmlCropMarkHeight:=14.33331pt

:tex2html_wrap_inline2909:lthtmlCropMarkDepth:=0.0pt:1ex:=5.1654pt
[179]

:tex2html_wrap_inline2960:lthtmlCropMarkHeight:=16.3547pt

:tex2html_wrap_inline2960:lthtmlCropMarkDepth:=0.0pt:1ex:=5.1654pt
[180]

:tex2html_wrap_inline2966:lthtmlCropMarkHeight:=16.3547pt

:tex2html_wrap_inline2966:lthtmlCropMarkDepth:=0.0pt:1ex:=5.1654pt
[181]

:tex2html_wrap_inline2976:lthtmlCropMarkHeight:=14.2pt

:tex2html_wrap_inline2976:lthtmlCropMarkDepth:=4.93732pt:1ex:=5.1654pt
[182]

:tex2html_wrap_inline2978:lthtmlCropMarkHeight:=14.2pt

:tex2html_wrap_inline2978:lthtmlCropMarkDepth:=4.22668pt:1ex:=5.1654pt
[183]

:tex2html_wrap_inline2980:lthtmlCropMarkHeight:=14.2pt

:tex2html_wrap_inline2980:lthtmlCropMarkDepth:=4.93732pt:1ex:=5.1654pt
[184]

:tex2html_wrap_inline2982:lthtmlCropMarkHeight:=15.0pt

:tex2html_wrap_inline2982:lthtmlCropMarkDepth:=4.13809pt:1ex:=5.1654pt
[185]

:tex2html_wrap_indisplay2986:lthtmlCropMarkHeight:=30.1247pt

:tex2html_wrap_indisplay2986:lthtmlCropMarkDepth:=15.08878pt:1ex:=5.1654pt
[186]

:tex2html_wrap_inline2988:lthtmlCropMarkHeight:=18.13332pt

:tex2html_wrap_inline2988:lthtmlCropMarkDepth:=6.49771pt:1ex:=5.1654pt
[187]

:tex2html_wrap_inline2992:lthtmlCropMarkHeight:=14.2pt

:tex2html_wrap_inline2992:lthtmlCropMarkDepth:=3.86668pt:1ex:=5.1654pt
[188]

:tex2html_wrap_inline2996:lthtmlCropMarkHeight:=14.2pt

:tex2html_wrap_inline2996:lthtmlCropMarkDepth:=3.86668pt:1ex:=5.1654pt
[189]

:tex2html_wrap_inline2998:lthtmlCropMarkHeight:=14.2pt

:tex2html_wrap_inline2998:lthtmlCropMarkDepth:=2.63336pt:1ex:=5.1654pt
[190]

:tex2html_wrap_inline3000:lthtmlCropMarkHeight:=13.63165pt

:tex2html_wrap_inline3000:lthtmlCropMarkDepth:=1.63165pt:1ex:=5.1654pt
[191]

:tex2html_wrap_inline3128:lthtmlCropMarkHeight:=14.33331pt

:tex2html_wrap_inline3128:lthtmlCropMarkDepth:=2.33331pt:1ex:=5.1654pt
[192]

:tex2html_wrap_inline3130:lthtmlCropMarkHeight:=14.33331pt

:tex2html_wrap_inline3130:lthtmlCropMarkDepth:=2.33331pt:1ex:=5.1654pt
[193]

:tex2html_wrap_inline3132:lthtmlCropMarkHeight:=14.33331pt

:tex2html_wrap_inline3132:lthtmlCropMarkDepth:=2.33331pt:1ex:=5.1654pt
[194]

:tex2html_wrap_inline3134:lthtmlCropMarkHeight:=14.33331pt

:tex2html_wrap_inline3134:lthtmlCropMarkDepth:=2.33331pt:1ex:=5.1654pt
[195]

:tex2html_wrap_inline3136:lthtmlCropMarkHeight:=14.33331pt

:tex2html_wrap_inline3136:lthtmlCropMarkDepth:=2.33331pt:1ex:=5.1654pt
[196]

:tex2html_wrap_inline3138:lthtmlCropMarkHeight:=14.33331pt

:tex2html_wrap_inline3138:lthtmlCropMarkDepth:=2.33331pt:1ex:=5.1654pt
[197]

:tex2html_wrap_inline3140:lthtmlCropMarkHeight:=14.33331pt

:tex2html_wrap_inline3140:lthtmlCropMarkDepth:=2.33331pt:1ex:=5.1654pt
[198]

:tex2html_wrap_inline3142:lthtmlCropMarkHeight:=14.33331pt

:tex2html_wrap_inline3142:lthtmlCropMarkDepth:=2.33331pt:1ex:=5.1654pt
[199] (./images.aux)

LaTeX Warning: There were undefined references.


Package biblatex Warning: Please (re)run Biber on the file:
(biblatex)                images
(biblatex)                and rerun LaTeX afterwards.

Package logreq Info: Writing requests to 'images.run.xml'.
\openout1 = `images.run.xml'.

 ) 
Here is how much of TeX's memory you used:
 16680 strings out of 477932
 312893 string characters out of 5837865
 1857388 words of memory out of 5000000
 36734 multiletter control sequences out of 15000+600000
 517696 words of font info for 51 fonts, out of 8000000 for 9000
 16 hyphenation exceptions out of 8191
 108i,9n,106p,10626b,2365s stack positions out of 10000i,1000n,20000p,200000b,200000s
</usr/share/texmf-dist/fonts/type1/public/amsfonts/cm/cmex10.pfb></usr/share/
texmf-dist/fonts/type1/public/amsfonts/cm/cmmi12.pfb></usr/share/texmf-dist/fon
ts/type1/public/amsfonts/cm/cmmi6.pfb></usr/share/texmf-dist/fonts/type1/public
/amsfonts/cm/cmmi8.pfb></usr/share/texmf-dist/fonts/type1/public/amsfonts/cm/cm
r12.pfb></usr/share/texmf-dist/fonts/type1/public/amsfonts/cm/cmr6.pfb></usr/sh
are/texmf-dist/fonts/type1/public/amsfonts/cm/cmr8.pfb></usr/share/texmf-dist/f
onts/type1/public/amsfonts/cm/cmsy10.pfb></usr/share/texmf-dist/fonts/type1/pub
lic/amsfonts/cm/cmsy8.pfb></usr/share/texmf-dist/fonts/type1/public/amsfonts/sy
mbols/msam10.pfb></usr/share/texmf-dist/fonts/type1/public/amsfonts/symbols/msb
m10.pfb>
Output written on images.pdf (199 pages, 162246 bytes).
PDF statistics:
 701 PDF objects out of 1000 (max. 8388607)
 473 compressed objects within 5 object streams
 0 named destinations out of 1000 (max. 500000)
 1 words of extra memory for PDF output out of 10000 (max. 10000000)

